#
# A fatal error has been detected by the Java Runtime Environment:
#
#  EXCEPTION_ACCESS_VIOLATION (0xc0000005) at pc=0x0000000069c3b0e4, pid=1944, tid=0x00000000000012f4
#
# JRE version: Java(TM) SE Runtime Environment (8.0_144-b01) (build 1.8.0_144-b01)
# Java VM: Java HotSpot(TM) 64-Bit Server VM (25.144-b01 mixed mode windows-amd64 compressed oops)
# Problematic frame:
# V  [jvm.dll+0x4bb0e4]
#
# Failed to write core dump. Minidumps are not enabled by default on client versions of Windows
#
# If you would like to submit a bug report, please visit:
#   http://bugreport.java.com/bugreport/crash.jsp
#

---------------  T H R E A D  ---------------

Current thread (0x0000000054b80000):  JavaThread "C2 CompilerThread0" daemon [_thread_in_native, id=4852, stack(0x0000000055e30000,0x0000000055f30000)]

siginfo: ExceptionCode=0xc0000005, reading address 0x000000a069f9dfac

Registers:
RAX=0x00000000000010fc, RBX=0x00000000000010fc, RCX=0x0000000000000007, RDX=0x0000000000000007
RSP=0x0000000055f2c4a0, RBP=0x000000005c124790, RSI=0x0000000000000010, RDI=0x00000000000010fc
R8 =0x000000a069f9df90, R9 =0x0000000010000000, R10=0x0000000069f9df90, R11=0x0000000069780000
R12=0x000000005c370ef8, R13=0x000000005c15f6d0, R14=0x0000000000008c00, R15=0x0000000000000001
RIP=0x0000000069c3b0e4, EFLAGS=0x0000000000010206

Top of Stack: (sp=0x0000000055f2c4a0)
0x0000000055f2c4a0:   000000005c370c08 0000000000000003
0x0000000055f2c4b0:   000000005c124790 0000000000000000
0x0000000055f2c4c0:   000000005c15f6d0 0000000000000000
0x0000000055f2c4d0:   000010fe00000000 0000000000000008
0x0000000055f2c4e0:   00000000590ee460 0000000000000011
0x0000000055f2c4f0:   000000005c370ca8 0000000000000025
0x0000000055f2c500:   000000005c370c08 0000000069be5aa4
0x0000000055f2c510:   000000005b9df0f0 0000000055f2c6d0
0x0000000055f2c520:   0000000000000000 0000000000000001
0x0000000055f2c530:   0000000000000008 000000005b9deea0
0x0000000055f2c540:   000000000000000c 0000000069c3b8ee
0x0000000055f2c550:   0000000055f2c6d0 000000005b9df0f0
0x0000000055f2c560:   000000005c370c08 0000000055f2c5a0
0x0000000055f2c570:   0000000000001008 0000000054b0cca0
0x0000000055f2c580:   000000005c4533e0 00000000002fc438
0x0000000055f2c590:   000000005c453430 000000005c45b3c8 

Instructions: (pc=0x0000000069c3b0e4)
0x0000000069c3b0c4:   ff 4c 8d 15 c4 2e 36 00 4c 8b c0 8b d3 8b cb 45
0x0000000069c3b0d4:   8b cf c1 ea 05 83 e1 1f 83 e2 07 41 d3 e1 8b ca
0x0000000069c3b0e4:   41 8b 14 90 8b c2 41 0b c1 41 85 d1 41 89 04 88
0x0000000069c3b0f4:   0f 95 c0 84 c0 75 05 ff 45 00 84 c0 0f 94 c0 4c 


Register to memory mapping:

RAX=0x00000000000010fc is an unknown value
RBX=0x00000000000010fc is an unknown value
RCX=0x0000000000000007 is an unknown value
RDX=0x0000000000000007 is an unknown value
RSP=0x0000000055f2c4a0 is pointing into the stack for thread: 0x0000000054b80000
RBP=0x000000005c124790 is an unknown value
RSI=0x0000000000000010 is an unknown value
RDI=0x00000000000010fc is an unknown value
R8 =0x000000a069f9df90 is an unknown value
R9 =0x0000000010000000 is an unknown value
R10=0x0000000069f9df90 is an unknown value
R11=0x0000000069780000 is an unknown value
R12=0x000000005c370ef8 is an unknown value
R13=0x000000005c15f6d0 is an unknown value
R14=0x0000000000008c00 is an unknown value
R15=0x0000000000000001 is an unknown value


Stack: [0x0000000055e30000,0x0000000055f30000],  sp=0x0000000055f2c4a0,  free space=1009k
Native frames: (J=compiled Java code, j=interpreted, Vv=VM code, C=native code)
V  [jvm.dll+0x4bb0e4]
V  [jvm.dll+0x4bb8ee]
V  [jvm.dll+0x469148]
V  [jvm.dll+0x4745bb]
V  [jvm.dll+0x476ec7]
V  [jvm.dll+0x4598c2]
V  [jvm.dll+0xa5dc2]
V  [jvm.dll+0xa66ff]
V  [jvm.dll+0x24524f]
V  [jvm.dll+0x29ca6a]
C  [msvcr100.dll+0x21d9f]
C  [msvcr100.dll+0x21e3b]
C  [kernel32.dll+0x1f56d]
C  [ntdll.dll+0x33281]


Current CompileTask:
C2:   5345 1435       4       javax.swing.plaf.nimbus.NimbusStyle::validate (1178 bytes)


---------------  P R O C E S S  ---------------

Java Threads: ( => current thread )
  0x0000000059071000 JavaThread "D3D Screen Updater" daemon [_thread_blocked, id=4332, stack(0x000000005a340000,0x000000005a440000)]
  0x000000005903d800 JavaThread "TimerQueue" daemon [_thread_blocked, id=4628, stack(0x000000005a1e0000,0x000000005a2e0000)]
  0x000000000215e000 JavaThread "DestroyJavaVM" [_thread_blocked, id=1912, stack(0x00000000021d0000,0x00000000022d0000)]
  0x00000000564f2000 JavaThread "AWT-EventQueue-0" [_thread_blocked, id=4456, stack(0x0000000056e50000,0x0000000056f50000)]
  0x0000000056455000 JavaThread "AWT-Windows" daemon [_thread_in_native, id=4812, stack(0x0000000056d50000,0x0000000056e50000)]
  0x0000000056450000 JavaThread "AWT-Shutdown" [_thread_blocked, id=3636, stack(0x0000000056a60000,0x0000000056b60000)]
  0x000000005644f000 JavaThread "Java2D Disposer" daemon [_thread_blocked, id=3200, stack(0x00000000568d0000,0x00000000569d0000)]
  0x000000005611a800 JavaThread "Service Thread" daemon [_thread_blocked, id=3992, stack(0x0000000056580000,0x0000000056680000)]
  0x0000000054b84000 JavaThread "C1 CompilerThread1" daemon [_thread_blocked, id=1592, stack(0x0000000056010000,0x0000000056110000)]
=>0x0000000054b80000 JavaThread "C2 CompilerThread0" daemon [_thread_in_native, id=4852, stack(0x0000000055e30000,0x0000000055f30000)]
  0x0000000054b7e000 JavaThread "Attach Listener" daemon [_thread_blocked, id=2488, stack(0x0000000055ce0000,0x0000000055de0000)]
  0x0000000054b70800 JavaThread "Signal Dispatcher" daemon [_thread_blocked, id=5076, stack(0x0000000055b70000,0x0000000055c70000)]
  0x0000000054b58800 JavaThread "Finalizer" daemon [_thread_blocked, id=4636, stack(0x0000000055820000,0x0000000055920000)]
  0x0000000054b15000 JavaThread "Reference Handler" daemon [_thread_blocked, id=4616, stack(0x00000000556e0000,0x00000000557e0000)]

Other Threads:
  0x0000000054b0d000 VMThread [stack: 0x0000000055570000,0x0000000055670000] [id=4176]
  0x0000000054bdb800 WatcherThread [stack: 0x0000000056710000,0x0000000056810000] [id=4560]

VM state:not at safepoint (normal execution)

VM Mutex/Monitor currently owned by a thread: None

Heap:
 PSYoungGen      total 18944K, used 10828K [0x00000000eb000000, 0x00000000ec500000, 0x0000000100000000)
  eden space 16384K, 66% used [0x00000000eb000000,0x00000000eba93038,0x00000000ec000000)
  from space 2560K, 0% used [0x00000000ec280000,0x00000000ec280000,0x00000000ec500000)
  to   space 2560K, 0% used [0x00000000ec000000,0x00000000ec000000,0x00000000ec280000)
 ParOldGen       total 44032K, used 0K [0x00000000c1000000, 0x00000000c3b00000, 0x00000000eb000000)
  object space 44032K, 0% used [0x00000000c1000000,0x00000000c1000000,0x00000000c3b00000)
 Metaspace       used 14477K, capacity 14700K, committed 14848K, reserved 1062912K
  class space    used 1872K, capacity 1970K, committed 2048K, reserved 1048576K

Card table byte_map: [0x0000000011a50000,0x0000000011c50000] byte_map_base: 0x0000000011448000

Marking Bits: (ParMarkBitMap*) 0x0000000069f9d850
 Begin Bits: [0x0000000012060000, 0x0000000013020000)
 End Bits:   [0x0000000013020000, 0x0000000013fe0000)

Polling page: 0x0000000000140000

CodeCache: size=245760Kb used=4519Kb max_used=4519Kb free=241241Kb
 bounds [0x0000000002690000, 0x0000000002b00000, 0x0000000011690000]
 total_blobs=1952 nmethods=1436 adapters=429
 compilation: enabled

Compilation events (10 events):
Event: 4.977 Thread 0x0000000054b84000 nmethod 1429 0x0000000002af1850 code [0x0000000002af1a00, 0x0000000002af2008]
Event: 4.977 Thread 0x0000000054b84000 1430   !   3       javax.swing.JComponent::paintChildren (669 bytes)
Event: 4.981 Thread 0x0000000054b84000 nmethod 1430 0x0000000002af21d0 code [0x0000000002af27c0, 0x0000000002af7428]
Event: 4.982 Thread 0x0000000054b84000 1434       3       java.awt.Rectangle::intersection (180 bytes)
Event: 4.982 Thread 0x0000000054b84000 nmethod 1434 0x0000000002afaa90 code [0x0000000002afac20, 0x0000000002afb150]
Event: 4.982 Thread 0x0000000054b80000 1435       4       javax.swing.plaf.nimbus.NimbusStyle::validate (1178 bytes)
Event: 4.984 Thread 0x0000000054b84000 1436       3       sun.java2d.SunGraphics2D::clipRect (17 bytes)
Event: 4.984 Thread 0x0000000054b84000 nmethod 1436 0x0000000002afb410 code [0x0000000002afb5c0, 0x0000000002afbc68]
Event: 4.984 Thread 0x0000000054b84000 1437       3       javax.swing.CellRendererPane::invalidate (1 bytes)
Event: 4.984 Thread 0x0000000054b84000 nmethod 1437 0x0000000002afbf50 code [0x0000000002afc0a0, 0x0000000002afc1f0]

GC Heap History (0 events):
No events

Deoptimization events (10 events):
Event: 0.992 Thread 0x0000000056455000 Uncommon trap: reason=unstable_if action=reinterpret pc=0x0000000002971560 method=sun.awt.SunToolkit.getAppContext(Ljava/lang/Object;)Lsun/awt/AppContext; @ 4
Event: 1.021 Thread 0x00000000564f2000 Uncommon trap: reason=class_check action=maybe_recompile pc=0x00000000029c15ac method=javax.swing.UIDefaults.getFromHashtable(Ljava/lang/Object;)Ljava/lang/Object; @ 122
Event: 1.065 Thread 0x00000000564f2000 Uncommon trap: reason=class_check action=maybe_recompile pc=0x00000000029c15ac method=javax.swing.UIDefaults.getFromHashtable(Ljava/lang/Object;)Ljava/lang/Object; @ 122
Event: 1.555 Thread 0x00000000564f2000 Uncommon trap: reason=class_check action=maybe_recompile pc=0x00000000029c15ac method=javax.swing.UIDefaults.getFromHashtable(Ljava/lang/Object;)Ljava/lang/Object; @ 122
Event: 1.851 Thread 0x00000000564f2000 Uncommon trap: reason=unstable_if action=reinterpret pc=0x00000000029e805c method=javax.swing.JComponent.getClientProperty(Ljava/lang/Object;)Ljava/lang/Object; @ 16
Event: 2.244 Thread 0x00000000564f2000 Uncommon trap: reason=class_check action=maybe_recompile pc=0x00000000029c15ac method=javax.swing.UIDefaults.getFromHashtable(Ljava/lang/Object;)Ljava/lang/Object; @ 122
Event: 4.874 Thread 0x00000000564f2000 Uncommon trap: reason=class_check action=maybe_recompile pc=0x000000000281d44c method=java.lang.String.equals(Ljava/lang/Object;)Z @ 8
Event: 4.877 Thread 0x00000000564f2000 Uncommon trap: reason=class_check action=maybe_recompile pc=0x000000000281d44c method=java.lang.String.equals(Ljava/lang/Object;)Z @ 8
Event: 4.877 Thread 0x00000000564f2000 Uncommon trap: reason=class_check action=maybe_recompile pc=0x000000000281d44c method=java.lang.String.equals(Ljava/lang/Object;)Z @ 8
Event: 4.877 Thread 0x00000000564f2000 Uncommon trap: reason=class_check action=maybe_recompile pc=0x000000000281d44c method=java.lang.String.equals(Ljava/lang/Object;)Z @ 8

Internal exceptions (10 events):
Event: 0.355 Thread 0x000000000215e000 Exception <a 'java/lang/ClassNotFoundException': Tree> (0x00000000eb381d80) thrown at [C:\re\workspace\8-2-build-windows-amd64-cygwin\jdk8u144\9417\hotspot\src\share\vm\classfile\systemDictionary.cpp, line 210]
Event: 0.355 Thread 0x000000000215e000 Exception <a 'java/lang/ClassNotFoundException': Tree> (0x00000000eb3824c0) thrown at [C:\re\workspace\8-2-build-windows-amd64-cygwin\jdk8u144\9417\hotspot\src\share\vm\classfile\systemDictionary.cpp, line 210]
Event: 0.355 Thread 0x000000000215e000 Exception <a 'java/lang/ClassNotFoundException': javax/swing/JTreeCell> (0x00000000eb382840) thrown at [C:\re\workspace\8-2-build-windows-amd64-cygwin\jdk8u144\9417\hotspot\src\share\vm\classfile\systemDictionary.cpp, line 210]
Event: 0.355 Thread 0x000000000215e000 Exception <a 'java/lang/ClassNotFoundException': TreeCell> (0x00000000eb382cc8) thrown at [C:\re\workspace\8-2-build-windows-amd64-cygwin\jdk8u144\9417\hotspot\src\share\vm\classfile\systemDictionary.cpp, line 210]
Event: 0.356 Thread 0x000000000215e000 Exception <a 'java/lang/ClassNotFoundException': RootPane> (0x00000000eb383728) thrown at [C:\re\workspace\8-2-build-windows-amd64-cygwin\jdk8u144\9417\hotspot\src\share\vm\classfile\systemDictionary.cpp, line 210]
Event: 0.711 Thread 0x00000000564f2000 Exception <a 'java/lang/NoSuchMethodError': <clinit>> (0x00000000eb62a5f8) thrown at [C:\re\workspace\8-2-build-windows-amd64-cygwin\jdk8u144\9417\hotspot\src\share\vm\prims\jni.cpp, line 1613]
Event: 0.724 Thread 0x00000000564f2000 Exception <a 'java/lang/NoSuchMethodError': <clinit>> (0x00000000eb665b28) thrown at [C:\re\workspace\8-2-build-windows-amd64-cygwin\jdk8u144\9417\hotspot\src\share\vm\prims\jni.cpp, line 1613]
Event: 0.725 Thread 0x00000000564f2000 Exception <a 'java/lang/NoSuchMethodError': <clinit>> (0x00000000eb6695b8) thrown at [C:\re\workspace\8-2-build-windows-amd64-cygwin\jdk8u144\9417\hotspot\src\share\vm\prims\jni.cpp, line 1613]
Event: 0.727 Thread 0x00000000564f2000 Exception <a 'java/lang/NoSuchMethodError': <clinit>> (0x00000000eb67a820) thrown at [C:\re\workspace\8-2-build-windows-amd64-cygwin\jdk8u144\9417\hotspot\src\share\vm\prims\jni.cpp, line 1613]
Event: 0.853 Thread 0x00000000564f2000 Exception <a 'java/lang/NoSuchMethodError': <clinit>> (0x00000000eb794e90) thrown at [C:\re\workspace\8-2-build-windows-amd64-cygwin\jdk8u144\9417\hotspot\src\share\vm\prims\jni.cpp, line 1613]

Events (10 events):
Event: 4.902 loading class java/awt/geom/Path2D$Float$CopyIterator
Event: 4.902 loading class java/awt/geom/Path2D$Float$CopyIterator done
Event: 4.902 Executing VM operation: Deoptimize
Event: 4.902 Executing VM operation: Deoptimize done
Event: 4.903 loading class sun/java2d/loops/ProcessPath$Point
Event: 4.903 loading class sun/java2d/loops/ProcessPath$Point done
Event: 4.903 loading class sun/java2d/loops/ProcessPath$ActiveEdgeList
Event: 4.903 loading class sun/java2d/loops/ProcessPath$ActiveEdgeList done
Event: 4.903 loading class sun/java2d/loops/ProcessPath$Edge
Event: 4.903 loading class sun/java2d/loops/ProcessPath$Edge done


Dynamic libraries:
0x000000013f5c0000 - 0x000000013f5f7000 	C:\Program Files\Java\jdk1.8.0_144\bin\java.exe
0x0000000077bd0000 - 0x0000000077d7b000 	C:\Windows\SYSTEM32\ntdll.dll
0x00000000779b0000 - 0x0000000077acf000 	C:\Windows\system32\kernel32.dll
0x000007fefdd50000 - 0x000007fefddbb000 	C:\Windows\system32\KERNELBASE.dll
0x000007fefdfe0000 - 0x000007fefe0bb000 	C:\Windows\system32\ADVAPI32.dll
0x000007fefdf40000 - 0x000007fefdfdf000 	C:\Windows\system32\msvcrt.dll
0x000007fefefc0000 - 0x000007fefefdf000 	C:\Windows\SYSTEM32\sechost.dll
0x000007fefefe0000 - 0x000007feff10e000 	C:\Windows\system32\RPCRT4.dll
0x0000000077ad0000 - 0x0000000077bca000 	C:\Windows\system32\USER32.dll
0x000007feff9a0000 - 0x000007feffa07000 	C:\Windows\system32\GDI32.dll
0x000007fefdf30000 - 0x000007fefdf3e000 	C:\Windows\system32\LPK.dll
0x000007fefee50000 - 0x000007fefef1a000 	C:\Windows\system32\USP10.dll
0x000007fefc4e0000 - 0x000007fefc6d4000 	C:\Windows\WinSxS\amd64_microsoft.windows.common-controls_6595b64144ccf1df_6.0.7600.16385_none_fa645303170382f6\COMCTL32.dll
0x000007feffd80000 - 0x000007feffdf1000 	C:\Windows\system32\SHLWAPI.dll
0x000007fefdf00000 - 0x000007fefdf2e000 	C:\Windows\system32\IMM32.DLL
0x000007feffbf0000 - 0x000007feffcf9000 	C:\Windows\system32\MSCTF.dll
0x0000000073740000 - 0x0000000073812000 	C:\Program Files\Java\jdk1.8.0_144\jre\bin\msvcr100.dll
0x0000000069780000 - 0x000000006a01d000 	C:\Program Files\Java\jdk1.8.0_144\jre\bin\server\jvm.dll
0x000007fefa070000 - 0x000007fefa079000 	C:\Windows\system32\WSOCK32.dll
0x000007feff680000 - 0x000007feff6cd000 	C:\Windows\system32\WS2_32.dll
0x000007feff110000 - 0x000007feff118000 	C:\Windows\system32\NSI.dll
0x000007fefb9f0000 - 0x000007fefba2b000 	C:\Windows\system32\WINMM.dll
0x000007fefcc80000 - 0x000007fefcc8c000 	C:\Windows\system32\VERSION.dll
0x0000000077da0000 - 0x0000000077da7000 	C:\Windows\system32\PSAPI.DLL
0x0000000074630000 - 0x000000007463f000 	C:\Program Files\Java\jdk1.8.0_144\jre\bin\verify.dll
0x0000000074600000 - 0x0000000074629000 	C:\Program Files\Java\jdk1.8.0_144\jre\bin\java.dll
0x00000000745e0000 - 0x00000000745f6000 	C:\Program Files\Java\jdk1.8.0_144\jre\bin\zip.dll
0x000007fefe0c0000 - 0x000007fefee46000 	C:\Windows\system32\SHELL32.dll
0x000007feff470000 - 0x000007feff671000 	C:\Windows\system32\ole32.dll
0x000007fefdb30000 - 0x000007fefdb3f000 	C:\Windows\system32\profapi.dll
0x00000000735a0000 - 0x0000000073738000 	C:\Program Files\Java\jdk1.8.0_144\jre\bin\awt.dll
0x000007feffe00000 - 0x000007feffed7000 	C:\Windows\system32\OLEAUT32.dll
0x000007fefc450000 - 0x000007fefc4a6000 	C:\Windows\system32\uxtheme.dll
0x000007fefbe90000 - 0x000007fefbea8000 	C:\Windows\system32\dwmapi.dll
0x000007fefda20000 - 0x000007fefda2f000 	C:\Windows\system32\CRYPTBASE.dll
0x0000000074550000 - 0x0000000074597000 	C:\Program Files\Java\jdk1.8.0_144\jre\bin\fontmanager.dll
0x000007fef6250000 - 0x000007fef636d000 	C:\Windows\system32\opengl32.dll
0x000007fef6450000 - 0x000007fef647d000 	C:\Windows\system32\GLU32.dll
0x000007fef58c0000 - 0x000007fef59b1000 	C:\Windows\system32\DDRAW.dll
0x000007fefb4b0000 - 0x000007fefb4b8000 	C:\Windows\system32\DCIMAN32.dll
0x000007feffa10000 - 0x000007feffbe7000 	C:\Windows\system32\SETUPAPI.dll
0x000007fefde20000 - 0x000007fefde56000 	C:\Windows\system32\CFGMGR32.dll
0x000007fefddc0000 - 0x000007fefddda000 	C:\Windows\system32\DEVOBJ.dll
0x000007fef0be0000 - 0x000007fef0ddf000 	C:\Windows\system32\d3d9.dll
0x000007fef5400000 - 0x000007fef5407000 	C:\Windows\system32\d3d8thk.dll
0x000007feed8e0000 - 0x000007feeea2d000 	C:\Windows\system32\nvd3dumx.dll
0x000007fefc4b0000 - 0x000007fefc4dc000 	C:\Windows\system32\powrprof.dll
0x000007fefa7e0000 - 0x000007fefaaa4000 	C:\Windows\system32\nvapi64.dll
0x00000000745c0000 - 0x00000000745da000 	C:\Program Files\Java\jdk1.8.0_144\jre\bin\net.dll
0x000007fefd360000 - 0x000007fefd3b4000 	C:\Windows\system32\mswsock.dll
0x000007fefd350000 - 0x000007fefd357000 	C:\Windows\System32\wship6.dll
0x00000000745a0000 - 0x00000000745b1000 	C:\Program Files\Java\jdk1.8.0_144\jre\bin\nio.dll
0x0000000074220000 - 0x0000000074262000 	C:\Program Files\Java\jdk1.8.0_144\jre\bin\t2k.dll
0x000007fefef20000 - 0x000007fefefb9000 	C:\Windows\system32\CLBCatQ.DLL
0x000007fefbb70000 - 0x000007fefbc9a000 	C:\Windows\system32\WindowsCodecs.dll
0x000007fefd9c0000 - 0x000007fefda17000 	C:\Windows\system32\apphelp.dll
0x000000006c4e0000 - 0x000000006c697000 	C:\Program Files\AVAST Software\Avast\ashShA64.dll
0x000007fefc040000 - 0x000007fefc255000 	C:\Windows\WinSxS\amd64_microsoft.windows.gdiplus_6595b64144ccf1df_1.1.7600.16385_none_2b4f45e87195fcc4\gdiplus.dll
0x000007fef4f10000 - 0x000007fef5226000 	C:\Windows\system32\msi.dll
0x000007fef5f00000 - 0x000007fef5f35000 	C:\Windows\system32\EhStorShell.dll
0x000007fefc2b0000 - 0x000007fefc3dc000 	C:\Windows\system32\PROPSYS.dll
0x000007fef4890000 - 0x000007fef4f01000 	C:\PROGRA~1\MICROS~2\Office14\GROOVEEX.DLL
0x000000006c9c0000 - 0x000000006ca5d000 	C:\Windows\WinSxS\amd64_microsoft.vc90.crt_1fc8b3b9a1e18e3b_9.0.30729.4926_none_08e1a05ba83fe554\MSVCR90.dll
0x000000006c100000 - 0x000000006c1d3000 	C:\Windows\WinSxS\amd64_microsoft.vc90.crt_1fc8b3b9a1e18e3b_9.0.30729.4926_none_08e1a05ba83fe554\MSVCP90.dll
0x000000006f130000 - 0x000000006f15f000 	C:\Windows\WinSxS\amd64_microsoft.vc90.atl_1fc8b3b9a1e18e3b_9.0.30729.4148_none_0a1d2fcba76b3f00\ATL90.DLL
0x000007fef4480000 - 0x000007fef488f000 	C:\PROGRA~1\COMMON~1\MICROS~1\OFFICE14\Cultures\office.odf
0x000007fef3c10000 - 0x000007fef4475000 	C:\PROGRA~1\MICROS~2\Office14\1033\GrooveIntlResource.dll
0x000007fef6a90000 - 0x000007fef6b0e000 	C:\Windows\System32\cscui.dll
0x000007fef76e0000 - 0x000007fef76ec000 	C:\Windows\System32\CSCDLL.dll
0x000007fef9b30000 - 0x000007fef9b3f000 	C:\Windows\system32\CSCAPI.dll
0x000007fef6a10000 - 0x000007fef6a90000 	C:\Windows\system32\ntshrui.dll
0x000007fefd660000 - 0x000007fefd683000 	C:\Windows\system32\srvcli.dll
0x000007fefb8e0000 - 0x000007fefb8eb000 	C:\Windows\system32\slc.dll
0x00000000741f0000 - 0x000000007421a000 	C:\Program Files\Java\jdk1.8.0_144\jre\bin\dcpr.dll
0x000007fef7040000 - 0x000007fef7165000 	C:\Windows\system32\dbghelp.dll

VM Arguments:
jvm_args: -Dfile.encoding=UTF-8 
java_command: vGUI.sellerdashboard
java_class_path (initial): D:\PL2\PL2_CS213_Sec8\javax.mail.jar;D:\PL2\PL2_CS213_Sec8\jfreechart-1.0.6.jar;D:\PL2\PL2_CS213_Sec8\jcommon-1.0.8.jar;C:\Users\abudo\Desktop\vacc_gui\build\classes
Launcher Type: SUN_STANDARD

Environment Variables:
PATH=C:\ProgramData\Oracle\Java\javapath;C:\Program Files (x86)\NVIDIA Corporation\PhysX\Common;C:\Windows\system32;C:\Windows;C:\Windows\System32\Wbem;C:\Windows\System32\WindowsPowerShell\v1.0\;C:\OrCAD\OrCAD_16.6_Lite\OpenAccess\bin\win32\opt;C:\OrCAD\OrCAD_16.6_Lite\tools\pcb\bin;C:\OrCAD\OrCAD_16.6_Lite\tools\fet\bin;C:\OrCAD\OrCAD_16.6_Lite\tools\Capture;C:\OrCAD\OrCAD_16.6_Lite\tools\PSpice;C:\OrCAD\OrCAD_16.6_Lite\tools\specctra\bin;C:\OrCAD\OrCAD_16.6_Lite\tools\bin;C:\Program Files (x86)\Brackets\command;C:\Program Files (x86)\Microsoft SQL Server\100\Tools\Binn\;C:\Program Files\Microsoft SQL Server\100\Tools\Binn\;C:\Program Files\Microsoft SQL Server\100\DTS\Binn\;C:\Program Files (x86)\FreeArc\bin
USERNAME=abudo
OS=Windows_NT
PROCESSOR_IDENTIFIER=Intel64 Family 6 Model 23 Stepping 10, GenuineIntel



---------------  S Y S T E M  ---------------

OS: Windows 7 , 64 bit Build 7600 (6.1.7600.16385)

CPU:total 2 (initial active 2) (2 cores per cpu, 1 threads per core) family 6 model 23 stepping 10, cmov, cx8, fxsr, mmx, sse, sse2, sse3, ssse3, sse4.1, tsc

Memory: 4k page, physical 4123900k(2032460k free), swap 8245896k(5665292k free)

vm_info: Java HotSpot(TM) 64-Bit Server VM (25.144-b01) for windows-amd64 JRE (1.8.0_144-b01), built on Jul 21 2017 21:57:33 by "java_re" with MS VC++ 10.0 (VS2010)

time: Sun Dec 17 08:10:11 2017
elapsed time: 5 seconds (0d 0h 0m 5s)

