#
# A fatal error has been detected by the Java Runtime Environment:
#
#  EXCEPTION_ACCESS_VIOLATION (0xc0000005) at pc=0x0000000069be5f4a, pid=4296, tid=0x00000000000010cc
#
# JRE version: Java(TM) SE Runtime Environment (8.0_144-b01) (build 1.8.0_144-b01)
# Java VM: Java HotSpot(TM) 64-Bit Server VM (25.144-b01 mixed mode windows-amd64 compressed oops)
# Problematic frame:
# V  [jvm.dll+0x465f4a]
#
# Failed to write core dump. Minidumps are not enabled by default on client versions of Windows
#
# If you would like to submit a bug report, please visit:
#   http://bugreport.java.com/bugreport/crash.jsp
#

---------------  T H R E A D  ---------------

Current thread (0x0000000054d52000):  JavaThread "C2 CompilerThread0" daemon [_thread_in_native, id=4300, stack(0x0000000055f70000,0x0000000056070000)]

siginfo: ExceptionCode=0xc0000005, reading address 0x000000025c03ceb8

Registers:
RAX=0x000000025c03ceb8, RBX=0x000000005c943620, RCX=0x000000005c6e5438, RDX=0x0000000000020000
RSP=0x000000005606be90, RBP=0xffffffffffffffff, RSI=0x000000005c6e5438, RDI=0x000000005bddf820
R8 =0x00000000000001cb, R9 =0x0000000000000001, R10=0x000000000000001a, R11=0x0000000000000000
R12=0x000000025c03ceb8, R13=0x0000000054d83fa0, R14=0x0000000069780000, R15=0x0000000000000001
RIP=0x0000000069be5f4a, EFLAGS=0x0000000000010286

Top of Stack: (sp=0x000000005606be90)
0x000000005606be90:   000000005c9469c0 000000005bfd5b30
0x000000005606bea0:   000000005bddf820 ffffffffffffffff
0x000000005606beb0:   00000003000001a9 000000005bddf820
0x000000005606bec0:   0000000000000040 00000000000001a9
0x000000005606bed0:   0000000000000000 0000000000000000
0x000000005606bee0:   000000005606bfb0 00000000000003d8
0x000000005606bef0:   0000000054d8e918 0000000054d8e540
0x000000005606bf00:   000000005606c030 0000000000000000
0x000000005606bf10:   000000005606c2a0 0000000054d8e530
0x000000005606bf20:   000000005606c3b0 0000000069be9139
0x000000005606bf30:   000000005606c2a0 000000005606c001
0x000000005606bf40:   00000000ffffffff 0000000000000008
0x000000005606bf50:   0000000000000002 0000000054d8e530
0x000000005606bf60:   0000000058fe9c10 0000000058fea520
0x000000005606bf70:   0000000058ff1bf8 00000000004efc98
0x000000005606bf80:   0000000000000002 0000000054d8cd90 

Instructions: (pc=0x0000000069be5f4a)
0x0000000069be5f2a:   68 48 83 7b 18 00 48 8b c6 48 8b ce 48 0f 45 c5
0x0000000069be5f3a:   48 89 43 18 48 8b 06 ff 90 80 00 00 00 4c 8b e0
0x0000000069be5f4a:   8b 08 21 4b 38 8b 48 04 21 4b 3c 8b 48 08 21 4b
0x0000000069be5f5a:   40 8b 48 0c 21 4b 44 8b 48 10 21 4b 48 8b 40 14 


Register to memory mapping:

RAX=0x000000025c03ceb8 is an unknown value
RBX=0x000000005c943620 is an unknown value
RCX=0x000000005c6e5438 is an unknown value
RDX=0x0000000000020000 is an unknown value
RSP=0x000000005606be90 is pointing into the stack for thread: 0x0000000054d52000
RBP=0xffffffffffffffff is an unknown value
RSI=0x000000005c6e5438 is an unknown value
RDI=0x000000005bddf820 is an unknown value
R8 =0x00000000000001cb is an unknown value
R9 =0x0000000000000001 is an unknown value
R10=0x000000000000001a is an unknown value
R11=0x0000000000000000 is an unknown value
R12=0x000000025c03ceb8 is an unknown value
R13=0x0000000054d83fa0 is an unknown value
R14=0x0000000069780000 is an unknown value
R15=0x0000000000000001 is an unknown value


Stack: [0x0000000055f70000,0x0000000056070000],  sp=0x000000005606be90,  free space=1007k
Native frames: (J=compiled Java code, j=interpreted, Vv=VM code, C=native code)
V  [jvm.dll+0x465f4a]
V  [jvm.dll+0x469139]
V  [jvm.dll+0x4745bb]
V  [jvm.dll+0x476ec7]
V  [jvm.dll+0x4598c2]
V  [jvm.dll+0xa5dc2]
V  [jvm.dll+0xa66ff]
V  [jvm.dll+0x24524f]
V  [jvm.dll+0x29ca6a]
C  [msvcr100.dll+0x21d9f]
C  [msvcr100.dll+0x21e3b]
C  [kernel32.dll+0x1f56d]
C  [ntdll.dll+0x33281]


Current CompileTask:
C2:   5968 1511       4       javax.swing.plaf.nimbus.NimbusStyle::validate (1178 bytes)


---------------  P R O C E S S  ---------------

Java Threads: ( => current thread )
  0x000000005908c000 JavaThread "D3D Screen Updater" daemon [_thread_in_native, id=4524, stack(0x000000005a040000,0x000000005a140000)]
  0x0000000059069800 JavaThread "TimerQueue" daemon [_thread_blocked, id=3184, stack(0x000000005a540000,0x000000005a640000)]
  0x000000000215e000 JavaThread "DestroyJavaVM" [_thread_blocked, id=4920, stack(0x00000000022a0000,0x00000000023a0000)]
  0x0000000056656000 JavaThread "AWT-EventQueue-0" [_thread_blocked, id=4376, stack(0x00000000570e0000,0x00000000571e0000)]
  0x00000000565b6000 JavaThread "AWT-Windows" daemon [_thread_in_native, id=4888, stack(0x0000000056c40000,0x0000000056d40000)]
  0x00000000565ac800 JavaThread "AWT-Shutdown" [_thread_blocked, id=3692, stack(0x0000000056a80000,0x0000000056b80000)]
  0x00000000565ac000 JavaThread "Java2D Disposer" daemon [_thread_blocked, id=4284, stack(0x00000000568a0000,0x00000000569a0000)]
  0x0000000054d61000 JavaThread "Service Thread" daemon [_thread_blocked, id=4560, stack(0x0000000055830000,0x0000000055930000)]
  0x0000000054d5a000 JavaThread "C1 CompilerThread1" daemon [_thread_blocked, id=3452, stack(0x0000000056170000,0x0000000056270000)]
=>0x0000000054d52000 JavaThread "C2 CompilerThread0" daemon [_thread_in_native, id=4300, stack(0x0000000055f70000,0x0000000056070000)]
  0x0000000054d50000 JavaThread "Attach Listener" daemon [_thread_blocked, id=4472, stack(0x0000000055e10000,0x0000000055f10000)]
  0x0000000054d40800 JavaThread "Signal Dispatcher" daemon [_thread_blocked, id=4768, stack(0x0000000055d10000,0x0000000055e10000)]
  0x0000000054d2e800 JavaThread "Finalizer" daemon [_thread_blocked, id=4556, stack(0x0000000055bd0000,0x0000000055cd0000)]
  0x0000000054ce5000 JavaThread "Reference Handler" daemon [_thread_blocked, id=4864, stack(0x0000000055940000,0x0000000055a40000)]

Other Threads:
  0x0000000054cdd000 VMThread [stack: 0x0000000055700000,0x0000000055800000] [id=4812]
  0x0000000056290800 WatcherThread [stack: 0x00000000566c0000,0x00000000567c0000] [id=3980]

VM state:not at safepoint (normal execution)

VM Mutex/Monitor currently owned by a thread: None

Heap:
 PSYoungGen      total 18944K, used 11163K [0x00000000eb000000, 0x00000000ec500000, 0x0000000100000000)
  eden space 16384K, 68% used [0x00000000eb000000,0x00000000ebae6d88,0x00000000ec000000)
  from space 2560K, 0% used [0x00000000ec280000,0x00000000ec280000,0x00000000ec500000)
  to   space 2560K, 0% used [0x00000000ec000000,0x00000000ec000000,0x00000000ec280000)
 ParOldGen       total 44032K, used 0K [0x00000000c1000000, 0x00000000c3b00000, 0x00000000eb000000)
  object space 44032K, 0% used [0x00000000c1000000,0x00000000c1000000,0x00000000c3b00000)
 Metaspace       used 14998K, capacity 15276K, committed 15360K, reserved 1062912K
  class space    used 1929K, capacity 2034K, committed 2048K, reserved 1048576K

Card table byte_map: [0x0000000011a30000,0x0000000011c30000] byte_map_base: 0x0000000011428000

Marking Bits: (ParMarkBitMap*) 0x0000000069f9d850
 Begin Bits: [0x0000000012230000, 0x00000000131f0000)
 End Bits:   [0x00000000131f0000, 0x00000000141b0000)

Polling page: 0x0000000000340000

CodeCache: size=245760Kb used=4992Kb max_used=4992Kb free=240767Kb
 bounds [0x0000000002670000, 0x0000000002b60000, 0x0000000011670000]
 total_blobs=2105 nmethods=1594 adapters=425
 compilation: enabled

Compilation events (10 events):
Event: 5.828 Thread 0x0000000054d5a000 1568       1       javax.swing.JComponent::isPaintingOrigin (2 bytes)
Event: 5.828 Thread 0x0000000054d5a000 nmethod 1568 0x0000000002b3d050 code [0x0000000002b3d1a0, 0x0000000002b3d2b0]
Event: 5.828 Thread 0x0000000054d5a000 1569       3       sun.java2d.pipe.Region::isInsideQuickCheck (57 bytes)
Event: 5.828 Thread 0x0000000054d5a000 nmethod 1569 0x0000000002b3d310 code [0x0000000002b3d480, 0x0000000002b3d730]
Event: 5.830 Thread 0x0000000054d5a000 1570       3       sun.java2d.pipe.Region::intersectsQuickCheckXYXY (39 bytes)
Event: 5.830 Thread 0x0000000054d5a000 nmethod 1570 0x0000000002b3d7d0 code [0x0000000002b3d940, 0x0000000002b3dbb0]
Event: 5.831 Thread 0x0000000054d5a000 1572   !   3       sun.java2d.pipe.BufferedRenderPipe$AAParallelogramPipe::fillParallelogram (156 bytes)
Event: 5.832 Thread 0x0000000054d5a000 nmethod 1572 0x0000000002b3dc50 code [0x0000000002b3dee0, 0x0000000002b3f468]
Event: 5.832 Thread 0x0000000054d5a000 1573   !   3       sun.java2d.d3d.D3DRenderer::validateContextAA (66 bytes)
Event: 5.833 Thread 0x0000000054d5a000 nmethod 1573 0x0000000002b40c10 code [0x0000000002b40e60, 0x0000000002b41df8]

GC Heap History (0 events):
No events

Deoptimization events (10 events):
Event: 0.733 Thread 0x0000000056656000 Uncommon trap: reason=unstable_if action=reinterpret pc=0x00000000028b0794 method=java.lang.String.<init>([CII)V @ 18
Event: 1.014 Thread 0x00000000565b6000 Uncommon trap: reason=unstable_if action=reinterpret pc=0x000000000292af20 method=sun.awt.SunToolkit.getAppContext(Ljava/lang/Object;)Lsun/awt/AppContext; @ 4
Event: 1.050 Thread 0x0000000056656000 Uncommon trap: reason=class_check action=maybe_recompile pc=0x0000000002996b2c method=javax.swing.UIDefaults.getFromHashtable(Ljava/lang/Object;)Ljava/lang/Object; @ 122
Event: 1.081 Thread 0x0000000056656000 Uncommon trap: reason=class_check action=maybe_recompile pc=0x0000000002996b2c method=javax.swing.UIDefaults.getFromHashtable(Ljava/lang/Object;)Ljava/lang/Object; @ 122
Event: 2.004 Thread 0x0000000056656000 Uncommon trap: reason=unstable_if action=reinterpret pc=0x00000000029bdb9c method=javax.swing.JComponent.getClientProperty(Ljava/lang/Object;)Ljava/lang/Object; @ 16
Event: 2.733 Thread 0x0000000056656000 Uncommon trap: reason=class_check action=maybe_recompile pc=0x00000000027fcf58 method=java.lang.String.equals(Ljava/lang/Object;)Z @ 8
Event: 2.734 Thread 0x0000000056656000 Uncommon trap: reason=class_check action=maybe_recompile pc=0x0000000002996b2c method=javax.swing.UIDefaults.getFromHashtable(Ljava/lang/Object;)Ljava/lang/Object; @ 122
Event: 3.820 Thread 0x0000000056656000 Uncommon trap: reason=class_check action=maybe_recompile pc=0x00000000027fcf58 method=java.lang.String.equals(Ljava/lang/Object;)Z @ 8
Event: 3.863 Thread 0x0000000056656000 Uncommon trap: reason=class_check action=maybe_recompile pc=0x00000000027fcf58 method=java.lang.String.equals(Ljava/lang/Object;)Z @ 8
Event: 5.275 Thread 0x0000000056656000 Uncommon trap: reason=class_check action=maybe_recompile pc=0x00000000027fcf58 method=java.lang.String.equals(Ljava/lang/Object;)Z @ 8

Internal exceptions (10 events):
Event: 0.361 Thread 0x000000000215e000 Exception <a 'java/lang/ClassNotFoundException': Tree> (0x00000000eb382300) thrown at [C:\re\workspace\8-2-build-windows-amd64-cygwin\jdk8u144\9417\hotspot\src\share\vm\classfile\systemDictionary.cpp, line 210]
Event: 0.361 Thread 0x000000000215e000 Exception <a 'java/lang/ClassNotFoundException': Tree> (0x00000000eb382a40) thrown at [C:\re\workspace\8-2-build-windows-amd64-cygwin\jdk8u144\9417\hotspot\src\share\vm\classfile\systemDictionary.cpp, line 210]
Event: 0.361 Thread 0x000000000215e000 Exception <a 'java/lang/ClassNotFoundException': javax/swing/JTreeCell> (0x00000000eb382dc0) thrown at [C:\re\workspace\8-2-build-windows-amd64-cygwin\jdk8u144\9417\hotspot\src\share\vm\classfile\systemDictionary.cpp, line 210]
Event: 0.361 Thread 0x000000000215e000 Exception <a 'java/lang/ClassNotFoundException': TreeCell> (0x00000000eb383248) thrown at [C:\re\workspace\8-2-build-windows-amd64-cygwin\jdk8u144\9417\hotspot\src\share\vm\classfile\systemDictionary.cpp, line 210]
Event: 0.362 Thread 0x000000000215e000 Exception <a 'java/lang/ClassNotFoundException': RootPane> (0x00000000eb383ca8) thrown at [C:\re\workspace\8-2-build-windows-amd64-cygwin\jdk8u144\9417\hotspot\src\share\vm\classfile\systemDictionary.cpp, line 210]
Event: 0.717 Thread 0x0000000056656000 Exception <a 'java/lang/NoSuchMethodError': <clinit>> (0x00000000eb62a6c0) thrown at [C:\re\workspace\8-2-build-windows-amd64-cygwin\jdk8u144\9417\hotspot\src\share\vm\prims\jni.cpp, line 1613]
Event: 0.731 Thread 0x0000000056656000 Exception <a 'java/lang/NoSuchMethodError': <clinit>> (0x00000000eb665bf0) thrown at [C:\re\workspace\8-2-build-windows-amd64-cygwin\jdk8u144\9417\hotspot\src\share\vm\prims\jni.cpp, line 1613]
Event: 0.732 Thread 0x0000000056656000 Exception <a 'java/lang/NoSuchMethodError': <clinit>> (0x00000000eb669680) thrown at [C:\re\workspace\8-2-build-windows-amd64-cygwin\jdk8u144\9417\hotspot\src\share\vm\prims\jni.cpp, line 1613]
Event: 0.734 Thread 0x0000000056656000 Exception <a 'java/lang/NoSuchMethodError': <clinit>> (0x00000000eb67a850) thrown at [C:\re\workspace\8-2-build-windows-amd64-cygwin\jdk8u144\9417\hotspot\src\share\vm\prims\jni.cpp, line 1613]
Event: 0.830 Thread 0x0000000056656000 Exception <a 'java/lang/NoSuchMethodError': <clinit>> (0x00000000eb794968) thrown at [C:\re\workspace\8-2-build-windows-amd64-cygwin\jdk8u144\9417\hotspot\src\share\vm\prims\jni.cpp, line 1613]

Events (10 events):
Event: 3.820 Thread 0x0000000056656000 DEOPT PACKING pc=0x00000000027fcf58 sp=0x00000000571dba60
Event: 3.820 Thread 0x0000000056656000 DEOPT UNPACKING pc=0x00000000026b556a sp=0x00000000571db9e0 mode 2
Event: 3.863 Thread 0x0000000056656000 Uncommon trap: trap_request=0xffffffde fr.pc=0x00000000027fcf58
Event: 3.863 Thread 0x0000000056656000 DEOPT PACKING pc=0x00000000027fcf58 sp=0x00000000571dba60
Event: 3.863 Thread 0x0000000056656000 DEOPT UNPACKING pc=0x00000000026b556a sp=0x00000000571db9e0 mode 2
Event: 4.136 Executing VM operation: EnableBiasedLocking
Event: 4.136 Executing VM operation: EnableBiasedLocking done
Event: 5.275 Thread 0x0000000056656000 Uncommon trap: trap_request=0xffffffde fr.pc=0x00000000027fcf58
Event: 5.275 Thread 0x0000000056656000 DEOPT PACKING pc=0x00000000027fcf58 sp=0x00000000571dbe90
Event: 5.275 Thread 0x0000000056656000 DEOPT UNPACKING pc=0x00000000026b556a sp=0x00000000571dbe10 mode 2


Dynamic libraries:
0x000000013f5c0000 - 0x000000013f5f7000 	C:\Program Files\Java\jdk1.8.0_144\bin\java.exe
0x0000000077bd0000 - 0x0000000077d7b000 	C:\Windows\SYSTEM32\ntdll.dll
0x00000000779b0000 - 0x0000000077acf000 	C:\Windows\system32\kernel32.dll
0x000007fefdd50000 - 0x000007fefddbb000 	C:\Windows\system32\KERNELBASE.dll
0x000007fefdfe0000 - 0x000007fefe0bb000 	C:\Windows\system32\ADVAPI32.dll
0x000007fefdf40000 - 0x000007fefdfdf000 	C:\Windows\system32\msvcrt.dll
0x000007fefefc0000 - 0x000007fefefdf000 	C:\Windows\SYSTEM32\sechost.dll
0x000007fefefe0000 - 0x000007feff10e000 	C:\Windows\system32\RPCRT4.dll
0x0000000077ad0000 - 0x0000000077bca000 	C:\Windows\system32\USER32.dll
0x000007feff9a0000 - 0x000007feffa07000 	C:\Windows\system32\GDI32.dll
0x000007fefdf30000 - 0x000007fefdf3e000 	C:\Windows\system32\LPK.dll
0x000007fefee50000 - 0x000007fefef1a000 	C:\Windows\system32\USP10.dll
0x000007fefc4e0000 - 0x000007fefc6d4000 	C:\Windows\WinSxS\amd64_microsoft.windows.common-controls_6595b64144ccf1df_6.0.7600.16385_none_fa645303170382f6\COMCTL32.dll
0x000007feffd80000 - 0x000007feffdf1000 	C:\Windows\system32\SHLWAPI.dll
0x000007fefdf00000 - 0x000007fefdf2e000 	C:\Windows\system32\IMM32.DLL
0x000007feffbf0000 - 0x000007feffcf9000 	C:\Windows\system32\MSCTF.dll
0x0000000073740000 - 0x0000000073812000 	C:\Program Files\Java\jdk1.8.0_144\jre\bin\msvcr100.dll
0x0000000069780000 - 0x000000006a01d000 	C:\Program Files\Java\jdk1.8.0_144\jre\bin\server\jvm.dll
0x000007fefa070000 - 0x000007fefa079000 	C:\Windows\system32\WSOCK32.dll
0x000007feff680000 - 0x000007feff6cd000 	C:\Windows\system32\WS2_32.dll
0x000007feff110000 - 0x000007feff118000 	C:\Windows\system32\NSI.dll
0x000007fefb9f0000 - 0x000007fefba2b000 	C:\Windows\system32\WINMM.dll
0x000007fefcc80000 - 0x000007fefcc8c000 	C:\Windows\system32\VERSION.dll
0x0000000077da0000 - 0x0000000077da7000 	C:\Windows\system32\PSAPI.DLL
0x0000000074630000 - 0x000000007463f000 	C:\Program Files\Java\jdk1.8.0_144\jre\bin\verify.dll
0x0000000074600000 - 0x0000000074629000 	C:\Program Files\Java\jdk1.8.0_144\jre\bin\java.dll
0x00000000745e0000 - 0x00000000745f6000 	C:\Program Files\Java\jdk1.8.0_144\jre\bin\zip.dll
0x000007fefe0c0000 - 0x000007fefee46000 	C:\Windows\system32\SHELL32.dll
0x000007feff470000 - 0x000007feff671000 	C:\Windows\system32\ole32.dll
0x000007fefdb30000 - 0x000007fefdb3f000 	C:\Windows\system32\profapi.dll
0x00000000735a0000 - 0x0000000073738000 	C:\Program Files\Java\jdk1.8.0_144\jre\bin\awt.dll
0x000007feffe00000 - 0x000007feffed7000 	C:\Windows\system32\OLEAUT32.dll
0x000007fefc450000 - 0x000007fefc4a6000 	C:\Windows\system32\uxtheme.dll
0x000007fefbe90000 - 0x000007fefbea8000 	C:\Windows\system32\dwmapi.dll
0x000007fefda20000 - 0x000007fefda2f000 	C:\Windows\system32\CRYPTBASE.dll
0x0000000074550000 - 0x0000000074597000 	C:\Program Files\Java\jdk1.8.0_144\jre\bin\fontmanager.dll
0x000007fef6250000 - 0x000007fef636d000 	C:\Windows\system32\opengl32.dll
0x000007fef6450000 - 0x000007fef647d000 	C:\Windows\system32\GLU32.dll
0x000007fef58c0000 - 0x000007fef59b1000 	C:\Windows\system32\DDRAW.dll
0x000007fefb4b0000 - 0x000007fefb4b8000 	C:\Windows\system32\DCIMAN32.dll
0x000007feffa10000 - 0x000007feffbe7000 	C:\Windows\system32\SETUPAPI.dll
0x000007fefde20000 - 0x000007fefde56000 	C:\Windows\system32\CFGMGR32.dll
0x000007fefddc0000 - 0x000007fefddda000 	C:\Windows\system32\DEVOBJ.dll
0x000007fef0be0000 - 0x000007fef0ddf000 	C:\Windows\system32\d3d9.dll
0x000007fef5400000 - 0x000007fef5407000 	C:\Windows\system32\d3d8thk.dll
0x000007feed8e0000 - 0x000007feeea2d000 	C:\Windows\system32\nvd3dumx.dll
0x000007fefc4b0000 - 0x000007fefc4dc000 	C:\Windows\system32\powrprof.dll
0x000007fefa7e0000 - 0x000007fefaaa4000 	C:\Windows\system32\nvapi64.dll
0x00000000745c0000 - 0x00000000745da000 	C:\Program Files\Java\jdk1.8.0_144\jre\bin\net.dll
0x000007fefd360000 - 0x000007fefd3b4000 	C:\Windows\system32\mswsock.dll
0x000007fefd350000 - 0x000007fefd357000 	C:\Windows\System32\wship6.dll
0x00000000745a0000 - 0x00000000745b1000 	C:\Program Files\Java\jdk1.8.0_144\jre\bin\nio.dll
0x0000000074220000 - 0x0000000074262000 	C:\Program Files\Java\jdk1.8.0_144\jre\bin\t2k.dll
0x000007fefef20000 - 0x000007fefefb9000 	C:\Windows\system32\CLBCatQ.DLL
0x000007fefbb70000 - 0x000007fefbc9a000 	C:\Windows\system32\WindowsCodecs.dll
0x000007fefd9c0000 - 0x000007fefda17000 	C:\Windows\system32\apphelp.dll
0x000000006c4e0000 - 0x000000006c697000 	C:\Program Files\AVAST Software\Avast\ashShA64.dll
0x000007fefc040000 - 0x000007fefc255000 	C:\Windows\WinSxS\amd64_microsoft.windows.gdiplus_6595b64144ccf1df_1.1.7600.16385_none_2b4f45e87195fcc4\gdiplus.dll
0x000007fef4f10000 - 0x000007fef5226000 	C:\Windows\system32\msi.dll
0x000007fef5f00000 - 0x000007fef5f35000 	C:\Windows\system32\EhStorShell.dll
0x000007fefc2b0000 - 0x000007fefc3dc000 	C:\Windows\system32\PROPSYS.dll
0x000007fef4890000 - 0x000007fef4f01000 	C:\PROGRA~1\MICROS~2\Office14\GROOVEEX.DLL
0x000000006c9c0000 - 0x000000006ca5d000 	C:\Windows\WinSxS\amd64_microsoft.vc90.crt_1fc8b3b9a1e18e3b_9.0.30729.4926_none_08e1a05ba83fe554\MSVCR90.dll
0x000000006c100000 - 0x000000006c1d3000 	C:\Windows\WinSxS\amd64_microsoft.vc90.crt_1fc8b3b9a1e18e3b_9.0.30729.4926_none_08e1a05ba83fe554\MSVCP90.dll
0x000000006f130000 - 0x000000006f15f000 	C:\Windows\WinSxS\amd64_microsoft.vc90.atl_1fc8b3b9a1e18e3b_9.0.30729.4148_none_0a1d2fcba76b3f00\ATL90.DLL
0x000007fef4480000 - 0x000007fef488f000 	C:\PROGRA~1\COMMON~1\MICROS~1\OFFICE14\Cultures\office.odf
0x000007fef3c10000 - 0x000007fef4475000 	C:\PROGRA~1\MICROS~2\Office14\1033\GrooveIntlResource.dll
0x000007fef6a90000 - 0x000007fef6b0e000 	C:\Windows\System32\cscui.dll
0x000007fef76e0000 - 0x000007fef76ec000 	C:\Windows\System32\CSCDLL.dll
0x000007fef9b30000 - 0x000007fef9b3f000 	C:\Windows\system32\CSCAPI.dll
0x000007fef6a10000 - 0x000007fef6a90000 	C:\Windows\system32\ntshrui.dll
0x000007fefd660000 - 0x000007fefd683000 	C:\Windows\system32\srvcli.dll
0x000007fefb8e0000 - 0x000007fefb8eb000 	C:\Windows\system32\slc.dll
0x00000000741f0000 - 0x000000007421a000 	C:\Program Files\Java\jdk1.8.0_144\jre\bin\dcpr.dll
0x000007fef7040000 - 0x000007fef7165000 	C:\Windows\system32\dbghelp.dll

VM Arguments:
jvm_args: -Dfile.encoding=UTF-8 
java_command: vGUI.sellerdashboard
java_class_path (initial): D:\PL2\PL2_CS213_Sec8\javax.mail.jar;D:\PL2\PL2_CS213_Sec8\jfreechart-1.0.6.jar;D:\PL2\PL2_CS213_Sec8\jcommon-1.0.8.jar;C:\Users\abudo\Desktop\vacc_gui\build\classes
Launcher Type: SUN_STANDARD

Environment Variables:
PATH=C:\ProgramData\Oracle\Java\javapath;C:\Program Files (x86)\NVIDIA Corporation\PhysX\Common;C:\Windows\system32;C:\Windows;C:\Windows\System32\Wbem;C:\Windows\System32\WindowsPowerShell\v1.0\;C:\OrCAD\OrCAD_16.6_Lite\OpenAccess\bin\win32\opt;C:\OrCAD\OrCAD_16.6_Lite\tools\pcb\bin;C:\OrCAD\OrCAD_16.6_Lite\tools\fet\bin;C:\OrCAD\OrCAD_16.6_Lite\tools\Capture;C:\OrCAD\OrCAD_16.6_Lite\tools\PSpice;C:\OrCAD\OrCAD_16.6_Lite\tools\specctra\bin;C:\OrCAD\OrCAD_16.6_Lite\tools\bin;C:\Program Files (x86)\Brackets\command;C:\Program Files (x86)\Microsoft SQL Server\100\Tools\Binn\;C:\Program Files\Microsoft SQL Server\100\Tools\Binn\;C:\Program Files\Microsoft SQL Server\100\DTS\Binn\;C:\Program Files (x86)\FreeArc\bin
USERNAME=abudo
OS=Windows_NT
PROCESSOR_IDENTIFIER=Intel64 Family 6 Model 23 Stepping 10, GenuineIntel



---------------  S Y S T E M  ---------------

OS: Windows 7 , 64 bit Build 7600 (6.1.7600.16385)

CPU:total 2 (initial active 2) (2 cores per cpu, 1 threads per core) family 6 model 23 stepping 10, cmov, cx8, fxsr, mmx, sse, sse2, sse3, ssse3, sse4.1, tsc

Memory: 4k page, physical 4123900k(2009948k free), swap 8245896k(5579728k free)

vm_info: Java HotSpot(TM) 64-Bit Server VM (25.144-b01) for windows-amd64 JRE (1.8.0_144-b01), built on Jul 21 2017 21:57:33 by "java_re" with MS VC++ 10.0 (VS2010)

time: Sun Dec 17 09:16:09 2017
elapsed time: 5 seconds (0d 0h 0m 5s)

