#
# A fatal error has been detected by the Java Runtime Environment:
#
#  EXCEPTION_ACCESS_VIOLATION (0xc0000005) at pc=0x00000000698a757a, pid=3436, tid=0x000000000000137c
#
# JRE version: Java(TM) SE Runtime Environment (8.0_144-b01) (build 1.8.0_144-b01)
# Java VM: Java HotSpot(TM) 64-Bit Server VM (25.144-b01 mixed mode windows-amd64 compressed oops)
# Problematic frame:
# V  [jvm.dll+0x12757a]
#
# Failed to write core dump. Minidumps are not enabled by default on client versions of Windows
#
# If you would like to submit a bug report, please visit:
#   http://bugreport.java.com/bugreport/crash.jsp
#

---------------  T H R E A D  ---------------

Current thread (0x0000000001c3e000):  JavaThread "main" [_thread_in_vm, id=4988, stack(0x0000000002250000,0x0000000002350000)]

siginfo: ExceptionCode=0xc0000005, reading address 0x0000001054414550

Registers:
RAX=0x00000000544144e8, RBX=0x000000000234d650, RCX=0x0000001054414530, RDX=0x0000000054468730
RSP=0x000000000234d570, RBP=0x0000001054414530, RSI=0x000000000234d770, RDI=0x0000000000000000
R8 =0x0000000000000000, R9 =0x00000000142d0f28, R10=0x0000000000000000, R11=0x000000000234d608
R12=0x00000000544686a0, R13=0x00000000544144f0, R14=0x0000000000000002, R15=0x00000000142d0f28
RIP=0x00000000698a757a, EFLAGS=0x0000000000010202

Top of Stack: (sp=0x000000000234d570)
0x000000000234d570:   00000000142d0f28 00000000698a96f7
0x000000000234d580:   000000000234d640 00000000020e29f0
0x000000000234d590:   0000001054414530 00000000698a87a7
0x000000000234d5a0:   0000000000000002 00000000698ac250
0x000000000234d5b0:   000000000234d650 00000000020e29f0
0x000000000234d5c0:   000000000234dab0 00000000698acb0e
0x000000000234d5d0:   0000000000000001 00000000142f63e0
0x000000000234d5e0:   00000000142d0f28 0000000000000000
0x000000000234d5f0:   0000000000000000 000000000000000f
0x000000000234d600:   0000000054468730 00000000698a9be6
0x000000000234d610:   000000000234d770 000000000234d858
0x000000000234d620:   000000000234d840 0000000054468730
0x000000000234d630:   0000000000000000 00000000544686a0
0x000000000234d640:   0000000054468ba0 0000000001c3e000
0x000000000234d650:   0000001400000000 0000000000000000
0x000000000234d660:   0000000000000007 000000000216dc20 

Instructions: (pc=0x00000000698a757a)
0x00000000698a755a:   4a 00 48 8b 9c 24 60 01 00 00 48 81 c4 40 01 00
0x00000000698a756a:   00 5f c3 cc cc cc 48 89 5c 24 18 55 48 83 ec 20
0x00000000698a757a:   8b 41 20 49 8b e9 49 8b d8 44 8b d0 4c 8b ca 41
0x00000000698a758a:   c1 ea 03 41 f6 c2 01 0f 85 11 01 00 00 d1 e8 a8 


Register to memory mapping:

RAX=0x00000000544144e8 is pointing into metadata
RBX=0x000000000234d650 is pointing into the stack for thread: 0x0000000001c3e000
RCX=0x0000001054414530 is an unknown value
RDX=0x0000000054468730 is pointing into metadata
RSP=0x000000000234d570 is pointing into the stack for thread: 0x0000000001c3e000
RBP=0x0000001054414530 is an unknown value
RSI=0x000000000234d770 is pointing into the stack for thread: 0x0000000001c3e000
RDI=0x0000000000000000 is an unknown value
R8 =0x0000000000000000 is an unknown value
R9 =0x00000000142d0f28 is pointing into metadata
R10=0x0000000000000000 is an unknown value
R11=0x000000000234d608 is pointing into the stack for thread: 0x0000000001c3e000
R12=0x00000000544686a0 is pointing into metadata
R13=0x00000000544144f0 is pointing into metadata
R14=0x0000000000000002 is an unknown value
R15=0x00000000142d0f28 is pointing into metadata


Stack: [0x0000000002250000,0x0000000002350000],  sp=0x000000000234d570,  free space=1013k
Native frames: (J=compiled Java code, j=interpreted, Vv=VM code, C=native code)
V  [jvm.dll+0x12757a]
V  [jvm.dll+0x1287a7]
V  [jvm.dll+0x129be6]
V  [jvm.dll+0x5e4b5]
V  [jvm.dll+0x601c3]
V  [jvm.dll+0x7c6b9]
V  [jvm.dll+0x7cf94]
V  [jvm.dll+0x7e666]
V  [jvm.dll+0x7e6bd]
V  [jvm.dll+0xf7d93]
V  [jvm.dll+0xbbba3]
V  [jvm.dll+0xbbd5f]
C  0x0000000002642d23

Java frames: (J=compiled Java code, j=interpreted, Vv=VM code)
j  sun.misc.Launcher$ExtClassLoader.getExtDirs()[Ljava/io/File;+10
j  sun.misc.Launcher$ExtClassLoader.getExtClassLoader()Lsun/misc/Launcher$ExtClassLoader;+0
j  sun.misc.Launcher.<init>()V+4
j  sun.misc.Launcher.<clinit>()V+15
v  ~StubRoutines::call_stub
j  java.lang.ClassLoader.initSystemClassLoader()V+22
j  java.lang.ClassLoader.getSystemClassLoader()Ljava/lang/ClassLoader;+0
v  ~StubRoutines::call_stub

---------------  P R O C E S S  ---------------

Java Threads: ( => current thread )
  0x0000000054c4e800 JavaThread "Finalizer" daemon [_thread_new, id=4824, stack(0x0000000000000000,0x0000000000000000)]
  0x0000000054c05000 JavaThread "Reference Handler" daemon [_thread_blocked, id=3060, stack(0x0000000055900000,0x0000000055a00000)]
=>0x0000000001c3e000 JavaThread "main" [_thread_in_vm, id=4988, stack(0x0000000002250000,0x0000000002350000)]

Other Threads:
  0x0000000054bfd000 VMThread [stack: 0x00000000556a0000,0x00000000557a0000] [id=4644]

VM state:not at safepoint (normal execution)

VM Mutex/Monitor currently owned by a thread: None

Heap:
 PSYoungGen      total 18944K, used 327K [0x00000000eb000000, 0x00000000ec500000, 0x0000000100000000)
  eden space 16384K, 2% used [0x00000000eb000000,0x00000000eb051ec8,0x00000000ec000000)
  from space 2560K, 0% used [0x00000000ec280000,0x00000000ec280000,0x00000000ec500000)
  to   space 2560K, 0% used [0x00000000ec000000,0x00000000ec000000,0x00000000ec280000)
 ParOldGen       total 44032K, used 0K [0x00000000c1000000, 0x00000000c3b00000, 0x00000000eb000000)
  object space 44032K, 0% used [0x00000000c1000000,0x00000000c1000000,0x00000000c3b00000)
 Metaspace       used 1837K, capacity 4480K, committed 4480K, reserved 1056768K
  class space    used 200K, capacity 384K, committed 384K, reserved 1048576K

Card table byte_map: [0x00000000119e0000,0x0000000011be0000] byte_map_base: 0x00000000113d8000

Marking Bits: (ParMarkBitMap*) 0x0000000069f9d850
 Begin Bits: [0x0000000012150000, 0x0000000013110000)
 End Bits:   [0x0000000013110000, 0x00000000140d0000)

Polling page: 0x0000000000430000

CodeCache: size=245760Kb used=424Kb max_used=424Kb free=245335Kb
 bounds [0x0000000002620000, 0x0000000002890000, 0x0000000011620000]
 total_blobs=145 nmethods=0 adapters=113
 compilation: enabled

Compilation events (0 events):
No events

GC Heap History (0 events):
No events

Deoptimization events (0 events):
No events

Internal exceptions (2 events):
Event: 0.033 Thread 0x0000000001c3e000 Exception <a 'java/lang/NoSuchMethodError': Method sun.misc.Unsafe.defineClass(Ljava/lang/String;[BII)Ljava/lang/Class; name or signature does not match> (0x00000000eb007ca8) thrown at [C:\re\workspace\8-2-build-windows-amd64-cygwin\jdk8u144\9417\hotspot\
Event: 0.033 Thread 0x0000000001c3e000 Exception <a 'java/lang/NoSuchMethodError': Method sun.misc.Unsafe.prefetchRead(Ljava/lang/Object;J)V name or signature does not match> (0x00000000eb007f90) thrown at [C:\re\workspace\8-2-build-windows-amd64-cygwin\jdk8u144\9417\hotspot\src\share\vm\prims

Events (10 events):
Event: 0.077 loading class java/util/WeakHashMap$Entry done
Event: 0.077 loading class java/util/Collections$SetFromMap
Event: 0.077 loading class java/util/Collections$SetFromMap done
Event: 0.077 loading class java/util/WeakHashMap$KeySet
Event: 0.077 loading class java/util/WeakHashMap$KeySet done
Event: 0.077 loading class java/net/URLClassLoader$7
Event: 0.077 loading class sun/misc/JavaNetAccess
Event: 0.077 loading class sun/misc/JavaNetAccess done
Event: 0.077 loading class java/net/URLClassLoader$7 done
Event: 0.078 loading class java/util/StringTokenizer


Dynamic libraries:
0x000000013f5c0000 - 0x000000013f5f7000 	C:\Program Files\Java\jdk1.8.0_144\bin\java.exe
0x0000000077bd0000 - 0x0000000077d7b000 	C:\Windows\SYSTEM32\ntdll.dll
0x00000000779b0000 - 0x0000000077acf000 	C:\Windows\system32\kernel32.dll
0x000007fefdd50000 - 0x000007fefddbb000 	C:\Windows\system32\KERNELBASE.dll
0x000007fefdfe0000 - 0x000007fefe0bb000 	C:\Windows\system32\ADVAPI32.dll
0x000007fefdf40000 - 0x000007fefdfdf000 	C:\Windows\system32\msvcrt.dll
0x000007fefefc0000 - 0x000007fefefdf000 	C:\Windows\SYSTEM32\sechost.dll
0x000007fefefe0000 - 0x000007feff10e000 	C:\Windows\system32\RPCRT4.dll
0x0000000077ad0000 - 0x0000000077bca000 	C:\Windows\system32\USER32.dll
0x000007feff9a0000 - 0x000007feffa07000 	C:\Windows\system32\GDI32.dll
0x000007fefdf30000 - 0x000007fefdf3e000 	C:\Windows\system32\LPK.dll
0x000007fefee50000 - 0x000007fefef1a000 	C:\Windows\system32\USP10.dll
0x000007fefc4e0000 - 0x000007fefc6d4000 	C:\Windows\WinSxS\amd64_microsoft.windows.common-controls_6595b64144ccf1df_6.0.7600.16385_none_fa645303170382f6\COMCTL32.dll
0x000007feffd80000 - 0x000007feffdf1000 	C:\Windows\system32\SHLWAPI.dll
0x000007fefdf00000 - 0x000007fefdf2e000 	C:\Windows\system32\IMM32.DLL
0x000007feffbf0000 - 0x000007feffcf9000 	C:\Windows\system32\MSCTF.dll
0x0000000073740000 - 0x0000000073812000 	C:\Program Files\Java\jdk1.8.0_144\jre\bin\msvcr100.dll
0x0000000069780000 - 0x000000006a01d000 	C:\Program Files\Java\jdk1.8.0_144\jre\bin\server\jvm.dll
0x000007fefa070000 - 0x000007fefa079000 	C:\Windows\system32\WSOCK32.dll
0x000007feff680000 - 0x000007feff6cd000 	C:\Windows\system32\WS2_32.dll
0x000007feff110000 - 0x000007feff118000 	C:\Windows\system32\NSI.dll
0x000007fefb9f0000 - 0x000007fefba2b000 	C:\Windows\system32\WINMM.dll
0x000007fefcc80000 - 0x000007fefcc8c000 	C:\Windows\system32\VERSION.dll
0x0000000077da0000 - 0x0000000077da7000 	C:\Windows\system32\PSAPI.DLL
0x0000000074630000 - 0x000000007463f000 	C:\Program Files\Java\jdk1.8.0_144\jre\bin\verify.dll
0x0000000074600000 - 0x0000000074629000 	C:\Program Files\Java\jdk1.8.0_144\jre\bin\java.dll
0x00000000745e0000 - 0x00000000745f6000 	C:\Program Files\Java\jdk1.8.0_144\jre\bin\zip.dll
0x000007fefe0c0000 - 0x000007fefee46000 	C:\Windows\system32\SHELL32.dll
0x000007feff470000 - 0x000007feff671000 	C:\Windows\system32\ole32.dll
0x000007fefdb30000 - 0x000007fefdb3f000 	C:\Windows\system32\profapi.dll
0x000007fef7040000 - 0x000007fef7165000 	C:\Windows\system32\dbghelp.dll

VM Arguments:
jvm_args: -Dfile.encoding=UTF-8 
java_command: vGUI.admindashboard
java_class_path (initial): D:\PL2\PL2_CS213_Sec8\javax.mail.jar;D:\PL2\PL2_CS213_Sec8\jfreechart-1.0.6.jar;D:\PL2\PL2_CS213_Sec8\jcommon-1.0.8.jar;C:\Users\abudo\Desktop\vacc_gui\build\classes
Launcher Type: SUN_STANDARD

Environment Variables:
PATH=C:\ProgramData\Oracle\Java\javapath;C:\Program Files (x86)\NVIDIA Corporation\PhysX\Common;C:\Windows\system32;C:\Windows;C:\Windows\System32\Wbem;C:\Windows\System32\WindowsPowerShell\v1.0\;C:\OrCAD\OrCAD_16.6_Lite\OpenAccess\bin\win32\opt;C:\OrCAD\OrCAD_16.6_Lite\tools\pcb\bin;C:\OrCAD\OrCAD_16.6_Lite\tools\fet\bin;C:\OrCAD\OrCAD_16.6_Lite\tools\Capture;C:\OrCAD\OrCAD_16.6_Lite\tools\PSpice;C:\OrCAD\OrCAD_16.6_Lite\tools\specctra\bin;C:\OrCAD\OrCAD_16.6_Lite\tools\bin;C:\Program Files (x86)\Brackets\command;C:\Program Files (x86)\Microsoft SQL Server\100\Tools\Binn\;C:\Program Files\Microsoft SQL Server\100\Tools\Binn\;C:\Program Files\Microsoft SQL Server\100\DTS\Binn\;C:\Program Files (x86)\FreeArc\bin
USERNAME=abudo
OS=Windows_NT
PROCESSOR_IDENTIFIER=Intel64 Family 6 Model 23 Stepping 10, GenuineIntel



---------------  S Y S T E M  ---------------

OS: Windows 7 , 64 bit Build 7600 (6.1.7600.16385)

CPU:total 2 (initial active 2) (2 cores per cpu, 1 threads per core) family 6 model 23 stepping 10, cmov, cx8, fxsr, mmx, sse, sse2, sse3, ssse3, sse4.1, tsc

Memory: 4k page, physical 4123900k(2176664k free), swap 8245896k(5849344k free)

vm_info: Java HotSpot(TM) 64-Bit Server VM (25.144-b01) for windows-amd64 JRE (1.8.0_144-b01), built on Jul 21 2017 21:57:33 by "java_re" with MS VC++ 10.0 (VS2010)

time: Sun Dec 17 07:22:15 2017
elapsed time: 0 seconds (0d 0h 0m 0s)

