#
# A fatal error has been detected by the Java Runtime Environment:
#
#  Internal Error (oops/fieldInfo.hpp:118), pid=4776, tid=0x0000000000001354
#  Error: ShouldNotReachHere()
#
# JRE version: Java(TM) SE Runtime Environment (8.0_144-b01) (build 1.8.0_144-b01)
# Java VM: Java HotSpot(TM) 64-Bit Server VM (25.144-b01 mixed mode windows-amd64 compressed oops)
# Failed to write core dump. Minidumps are not enabled by default on client versions of Windows
#
# If you would like to submit a bug report, please visit:
#   http://bugreport.java.com/bugreport/crash.jsp
#

---------------  T H R E A D  ---------------

Current thread (0x00000000563f5800):  JavaThread "AWT-EventQueue-0" [_thread_in_vm, id=4948, stack(0x0000000056eb0000,0x0000000056fb0000)]

Stack: [0x0000000056eb0000,0x0000000056fb0000]
[error occurred during error reporting (printing stack bounds), id 0xc0000005]

Native frames: (J=compiled Java code, j=interpreted, Vv=VM code, C=native code)

Java frames: (J=compiled Java code, j=interpreted, Vv=VM code)
j  java.awt.KeyboardFocusManager.retargetFocusGained(Ljava/awt/event/FocusEvent;)Ljava/awt/event/FocusEvent;+119
j  java.awt.KeyboardFocusManager.retargetFocusEvent(Ljava/awt/AWTEvent;)Ljava/awt/AWTEvent;+224
j  java.awt.Component.dispatchEventImpl(Ljava/awt/AWTEvent;)V+138
j  java.awt.Container.dispatchEventImpl(Ljava/awt/AWTEvent;)V+42
j  java.awt.Window.dispatchEventImpl(Ljava/awt/AWTEvent;)V+19
j  java.awt.Component.dispatchEvent(Ljava/awt/AWTEvent;)V+2
j  java.awt.EventQueue.dispatchEventImpl(Ljava/awt/AWTEvent;Ljava/lang/Object;)V+41
j  java.awt.EventQueue.access$500(Ljava/awt/EventQueue;Ljava/awt/AWTEvent;Ljava/lang/Object;)V+3
j  java.awt.EventQueue$3.run()Ljava/lang/Void;+32
j  java.awt.EventQueue$3.run()Ljava/lang/Object;+1
v  ~StubRoutines::call_stub
j  java.security.AccessController.doPrivileged(Ljava/security/PrivilegedAction;Ljava/security/AccessControlContext;)Ljava/lang/Object;+0
j  java.security.ProtectionDomain$JavaSecurityAccessImpl.doIntersectionPrivilege(Ljava/security/PrivilegedAction;Ljava/security/AccessControlContext;Ljava/security/AccessControlContext;)Ljava/lang/Object;+18
j  java.security.ProtectionDomain$JavaSecurityAccessImpl.doIntersectionPrivilege(Ljava/security/PrivilegedAction;Ljava/security/AccessControlContext;)Ljava/lang/Object;+6
j  java.awt.EventQueue$4.run()Ljava/lang/Void;+11
j  java.awt.EventQueue$4.run()Ljava/lang/Object;+1
v  ~StubRoutines::call_stub
j  java.security.AccessController.doPrivileged(Ljava/security/PrivilegedAction;Ljava/security/AccessControlContext;)Ljava/lang/Object;+0
j  java.security.ProtectionDomain$JavaSecurityAccessImpl.doIntersectionPrivilege(Ljava/security/PrivilegedAction;Ljava/security/AccessControlContext;Ljava/security/AccessControlContext;)Ljava/lang/Object;+18
j  java.awt.EventQueue.dispatchEvent(Ljava/awt/AWTEvent;)V+73
j  java.awt.EventDispatchThread.pumpOneEventForFilters(I)V+245
j  java.awt.EventDispatchThread.pumpEventsForFilter(ILjava/awt/Conditional;Ljava/awt/EventFilter;)V+35
j  java.awt.EventDispatchThread.pumpEventsForHierarchy(ILjava/awt/Conditional;Ljava/awt/Component;)V+11
j  java.awt.EventDispatchThread.pumpEvents(ILjava/awt/Conditional;)V+4
j  java.awt.EventDispatchThread.pumpEvents(Ljava/awt/Conditional;)V+3
j  java.awt.EventDispatchThread.run()V+9
v  ~StubRoutines::call_stub

---------------  P R O C E S S  ---------------

Java Threads: ( => current thread )
  0x0000000058c79800 JavaThread "D3D Screen Updater" daemon [_thread_blocked, id=1304, stack(0x000000005abd0000,0x000000005acd0000)]
  0x0000000058aec000 JavaThread "TimerQueue" daemon [_thread_blocked, id=3372, stack(0x00000000596f0000,0x00000000597f0000)]
  0x000000000213e000 JavaThread "DestroyJavaVM" [_thread_blocked, id=3468, stack(0x0000000002150000,0x0000000002250000)]
=>0x00000000563f5800 JavaThread "AWT-EventQueue-0" [_thread_in_vm, id=4948, stack(0x0000000056eb0000,0x0000000056fb0000)]
  0x0000000056353000 JavaThread "AWT-Windows" daemon [_thread_in_native, id=2064, stack(0x0000000055e00000,0x0000000055f00000)]
  0x0000000056352800 JavaThread "AWT-Shutdown" [_thread_blocked, id=4516, stack(0x00000000569d0000,0x0000000056ad0000)]
  0x0000000056350800 JavaThread "Java2D Disposer" daemon [_thread_blocked, id=1972, stack(0x0000000056750000,0x0000000056850000)]
  0x000000005602a800 JavaThread "Service Thread" daemon [_thread_blocked, id=3752, stack(0x00000000564e0000,0x00000000565e0000)]
  0x0000000054ada000 JavaThread "C1 CompilerThread1" daemon [_thread_blocked, id=924, stack(0x0000000055be0000,0x0000000055ce0000)]
  0x0000000054ad2000 JavaThread "C2 CompilerThread0" daemon [_thread_blocked, id=1796, stack(0x0000000055f10000,0x0000000056010000)]
  0x0000000054ad0800 JavaThread "Attach Listener" daemon [_thread_blocked, id=3996, stack(0x0000000055d00000,0x0000000055e00000)]
  0x0000000054ac0800 JavaThread "Signal Dispatcher" daemon [_thread_blocked, id=152, stack(0x0000000055ad0000,0x0000000055bd0000)]
  0x0000000054aae800 JavaThread "Finalizer" daemon [_thread_blocked, id=628, stack(0x0000000055760000,0x0000000055860000)]
  0x0000000054a65000 JavaThread "Reference Handler" daemon [_thread_blocked, id=4336, stack(0x00000000558a0000,0x00000000559a0000)]

Other Threads:
  0x0000000054a5d000 VMThread [stack: 0x0000000055660000,0x0000000055760000] [id=4260]
  0x0000000056049800 WatcherThread [stack: 0x0000000056600000,0x0000000056700000] [id=2356]

VM state:not at safepoint (normal execution)

VM Mutex/Monitor currently owned by a thread: None

Heap:
 PSYoungGen      total 18944K, used 8850K [0x00000000eb000000, 0x00000000ec500000, 0x0000000100000000)
  eden space 16384K, 54% used [0x00000000eb000000,0x00000000eb8a49a0,0x00000000ec000000)
  from space 2560K, 0% used [0x00000000ec280000,0x00000000ec280000,0x00000000ec500000)
  to   space 2560K, 0% used [0x00000000ec000000,0x00000000ec000000,0x00000000ec280000)
 ParOldGen       total 44032K, used 0K [0x00000000c1000000, 0x00000000c3b00000, 0x00000000eb000000)
  object space 44032K, 0% used [0x00000000c1000000,0x00000000c1000000,0x00000000c3b00000)
 Metaspace       used 13550K, capacity 13762K, committed 14080K, reserved 1060864K
  class space    used 1866K, capacity 1939K, committed 2048K, reserved 1048576K

Card table byte_map: [0x0000000011a00000,0x0000000011c00000] byte_map_base: 0x00000000113f8000

Marking Bits: (ParMarkBitMap*) 0x000000005fa7d850
 Begin Bits: [0x0000000011fb0000, 0x0000000012f70000)
 End Bits:   [0x0000000012f70000, 0x0000000013f30000)

Polling page: 0x0000000001b60000

CodeCache: size=245760Kb used=3231Kb max_used=3231Kb free=242528Kb
 bounds [0x0000000002640000, 0x0000000002970000, 0x0000000011640000]
 total_blobs=1412 nmethods=924 adapters=402
 compilation: enabled

Compilation events (10 events):
Event: 0.900 Thread 0x0000000054ada000  917       3       sun.java2d.pipe.RenderBuffer::position (11 bytes)
Event: 0.900 Thread 0x0000000054ada000 nmethod 917 0x0000000002963590 code [0x00000000029636e0, 0x0000000002963830]
Event: 0.900 Thread 0x0000000054ada000  918       3       sun.java2d.pipe.RenderBuffer::put (87 bytes)
Event: 0.901 Thread 0x0000000054ada000 nmethod 918 0x0000000002963890 code [0x0000000002963a20, 0x0000000002964088]
Event: 0.901 Thread 0x0000000054ada000  919       3       sun.java2d.pipe.RenderBuffer::position (11 bytes)
Event: 0.901 Thread 0x0000000054ada000 nmethod 919 0x0000000002964350 code [0x00000000029644a0, 0x00000000029645f0]
Event: 0.902 Thread 0x0000000054ada000  921       3       javax.swing.plaf.nimbus.AbstractRegionPainter::decodeX (87 bytes)
Event: 0.902 Thread 0x0000000054ada000 nmethod 921 0x00000000029649d0 code [0x0000000002964ba0, 0x0000000002965068]
Event: 0.902 Thread 0x0000000054ada000  922       3       javax.swing.plaf.nimbus.AbstractRegionPainter::decodeY (87 bytes)
Event: 0.903 Thread 0x0000000054ada000 nmethod 922 0x0000000002965150 code [0x0000000002965320, 0x00000000029657e8]

GC Heap History (0 events):
No events

Deoptimization events (7 events):
Event: 0.221 Thread 0x000000000213e000 Uncommon trap: reason=null_check action=make_not_entrant pc=0x000000000278e08c method=java.lang.String.equals(Ljava/lang/Object;)Z @ 8
Event: 0.561 Thread 0x00000000563f5800 Uncommon trap: reason=null_check action=make_not_entrant pc=0x000000000285143c method=javax.swing.plaf.nimbus.DerivedColor.equals(Ljava/lang/Object;)Z @ 8
Event: 0.674 Thread 0x0000000056353000 Uncommon trap: reason=bimorphic action=maybe_recompile pc=0x000000000286ef2c method=java.util.HashMap.putVal(ILjava/lang/Object;Ljava/lang/Object;ZZ)Ljava/lang/Object; @ 203
Event: 0.674 Thread 0x0000000056353000 Uncommon trap: reason=bimorphic action=maybe_recompile pc=0x000000000286ef2c method=java.util.HashMap.putVal(ILjava/lang/Object;Ljava/lang/Object;ZZ)Ljava/lang/Object; @ 203
Event: 0.674 Thread 0x0000000056353000 Uncommon trap: reason=bimorphic action=maybe_recompile pc=0x000000000286ef2c method=java.util.HashMap.putVal(ILjava/lang/Object;Ljava/lang/Object;ZZ)Ljava/lang/Object; @ 203
Event: 0.752 Thread 0x00000000563f5800 Uncommon trap: reason=bimorphic action=maybe_recompile pc=0x00000000028e774c method=javax.swing.UIDefaults.getFromHashtable(Ljava/lang/Object;)Ljava/lang/Object; @ 231
Event: 0.790 Thread 0x0000000056353000 Uncommon trap: reason=unstable_if action=reinterpret pc=0x00000000028c65a0 method=sun.awt.SunToolkit.getAppContext(Ljava/lang/Object;)Lsun/awt/AppContext; @ 4

Internal exceptions (10 events):
Event: 0.281 Thread 0x000000000213e000 Exception <a 'java/lang/ClassNotFoundException': ToggleButton> (0x00000000eb371cf0) thrown at [C:\re\workspace\8-2-build-windows-amd64-cygwin\jdk8u144\9417\hotspot\src\share\vm\classfile\systemDictionary.cpp, line 210]
Event: 0.281 Thread 0x000000000213e000 Exception <a 'java/lang/ClassNotFoundException': javax/swing/JToolBarSeparator> (0x00000000eb372150) thrown at [C:\re\workspace\8-2-build-windows-amd64-cygwin\jdk8u144\9417\hotspot\src\share\vm\classfile\systemDictionary.cpp, line 210]
Event: 0.281 Thread 0x000000000213e000 Exception <a 'java/lang/ClassNotFoundException': ToolBarSeparator> (0x00000000eb3725e8) thrown at [C:\re\workspace\8-2-build-windows-amd64-cygwin\jdk8u144\9417\hotspot\src\share\vm\classfile\systemDictionary.cpp, line 210]
Event: 0.282 Thread 0x000000000213e000 Exception <a 'java/lang/ClassNotFoundException': ToolTip> (0x00000000eb372d28) thrown at [C:\re\workspace\8-2-build-windows-amd64-cygwin\jdk8u144\9417\hotspot\src\share\vm\classfile\systemDictionary.cpp, line 210]
Event: 0.283 Thread 0x000000000213e000 Exception <a 'java/lang/ClassNotFoundException': Tree> (0x00000000eb373948) thrown at [C:\re\workspace\8-2-build-windows-amd64-cygwin\jdk8u144\9417\hotspot\src\share\vm\classfile\systemDictionary.cpp, line 210]
Event: 0.283 Thread 0x000000000213e000 Exception <a 'java/lang/ClassNotFoundException': Tree> (0x00000000eb374088) thrown at [C:\re\workspace\8-2-build-windows-amd64-cygwin\jdk8u144\9417\hotspot\src\share\vm\classfile\systemDictionary.cpp, line 210]
Event: 0.283 Thread 0x000000000213e000 Exception <a 'java/lang/ClassNotFoundException': javax/swing/JTreeCell> (0x00000000eb374408) thrown at [C:\re\workspace\8-2-build-windows-amd64-cygwin\jdk8u144\9417\hotspot\src\share\vm\classfile\systemDictionary.cpp, line 210]
Event: 0.283 Thread 0x000000000213e000 Exception <a 'java/lang/ClassNotFoundException': TreeCell> (0x00000000eb374890) thrown at [C:\re\workspace\8-2-build-windows-amd64-cygwin\jdk8u144\9417\hotspot\src\share\vm\classfile\systemDictionary.cpp, line 210]
Event: 0.284 Thread 0x000000000213e000 Exception <a 'java/lang/ClassNotFoundException': RootPane> (0x00000000eb3752f0) thrown at [C:\re\workspace\8-2-build-windows-amd64-cygwin\jdk8u144\9417\hotspot\src\share\vm\classfile\systemDictionary.cpp, line 210]
Event: 0.561 Thread 0x00000000563f5800 Implicit null exception at 0x000000000285118a to 0x000000000285142d

Events (10 events):
Event: 0.893 loading class java/awt/Container$EventTargetFilter done
Event: 0.893 loading class java/awt/Container$MouseEventTargetFilter done
Event: 0.893 loading class java/awt/LightweightDispatcher$1
Event: 0.893 loading class java/awt/LightweightDispatcher$1 done
Event: 0.894 loading class java/awt/event/MouseWheelEvent
Event: 0.894 loading class java/awt/event/MouseWheelEvent done
Event: 0.894 loading class java/awt/AWTEvent$2
Event: 0.894 loading class java/awt/AWTEvent$2 done
Event: 0.894 loading class sun/reflect/UnsafeBooleanFieldAccessorImpl
Event: 0.894 loading class sun/reflect/UnsafeBooleanFieldAccessorImpl done


Dynamic libraries:
0x000000013f4a0000 - 0x000000013f4d7000 	C:\Program Files\Java\jdk1.8.0_144\bin\java.exe
0x0000000077a60000 - 0x0000000077c0b000 	C:\Windows\SYSTEM32\ntdll.dll
0x0000000077940000 - 0x0000000077a5f000 	C:\Windows\system32\kernel32.dll
0x000007fefda70000 - 0x000007fefdadb000 	C:\Windows\system32\KERNELBASE.dll
0x000007feff790000 - 0x000007feff86b000 	C:\Windows\system32\ADVAPI32.dll
0x000007feff030000 - 0x000007feff0cf000 	C:\Windows\system32\msvcrt.dll
0x000007feffd50000 - 0x000007feffd6f000 	C:\Windows\SYSTEM32\sechost.dll
0x000007fefe120000 - 0x000007fefe24e000 	C:\Windows\system32\RPCRT4.dll
0x0000000077840000 - 0x000000007793a000 	C:\Windows\system32\USER32.dll
0x000007feff870000 - 0x000007feff8d7000 	C:\Windows\system32\GDI32.dll
0x000007fefe0f0000 - 0x000007fefe0fe000 	C:\Windows\system32\LPK.dll
0x000007fefe020000 - 0x000007fefe0ea000 	C:\Windows\system32\USP10.dll
0x000007fefd330000 - 0x000007fefd524000 	C:\Windows\WinSxS\amd64_microsoft.windows.common-controls_6595b64144ccf1df_6.0.7600.16385_none_fa645303170382f6\COMCTL32.dll
0x000007feff2d0000 - 0x000007feff341000 	C:\Windows\system32\SHLWAPI.dll
0x000007fefdff0000 - 0x000007fefe01e000 	C:\Windows\system32\IMM32.DLL
0x000007feff0d0000 - 0x000007feff1d9000 	C:\Windows\system32\MSCTF.dll
0x000000006c5f0000 - 0x000000006c6c2000 	C:\Program Files\Java\jdk1.8.0_144\jre\bin\msvcr100.dll
0x000000005f260000 - 0x000000005fafd000 	C:\Program Files\Java\jdk1.8.0_144\jre\bin\server\jvm.dll
0x000007fef1440000 - 0x000007fef1449000 	C:\Windows\system32\WSOCK32.dll
0x000007feff1e0000 - 0x000007feff22d000 	C:\Windows\system32\WS2_32.dll
0x000007feff6e0000 - 0x000007feff6e8000 	C:\Windows\system32\NSI.dll
0x000007fefc780000 - 0x000007fefc7bb000 	C:\Windows\system32\WINMM.dll
0x000007fefc560000 - 0x000007fefc56c000 	C:\Windows\system32\VERSION.dll
0x0000000077c30000 - 0x0000000077c37000 	C:\Windows\system32\PSAPI.DLL
0x0000000072fc0000 - 0x0000000072fcf000 	C:\Program Files\Java\jdk1.8.0_144\jre\bin\verify.dll
0x000000006d2c0000 - 0x000000006d2e9000 	C:\Program Files\Java\jdk1.8.0_144\jre\bin\java.dll
0x000000006c750000 - 0x000000006c766000 	C:\Program Files\Java\jdk1.8.0_144\jre\bin\zip.dll
0x000007fefe2a0000 - 0x000007feff026000 	C:\Windows\system32\SHELL32.dll
0x000007feff4d0000 - 0x000007feff6d1000 	C:\Windows\system32\ole32.dll
0x000007fefd9c0000 - 0x000007fefd9cf000 	C:\Windows\system32\profapi.dll
0x000000006bfe0000 - 0x000000006c178000 	C:\Program Files\Java\jdk1.8.0_144\jre\bin\awt.dll
0x000007feffbf0000 - 0x000007feffcc7000 	C:\Windows\system32\OLEAUT32.dll
0x000007fefbb90000 - 0x000007fefbbe6000 	C:\Windows\system32\uxtheme.dll
0x000007fefd540000 - 0x000007fefd558000 	C:\Windows\system32\dwmapi.dll
0x000007fefd8b0000 - 0x000007fefd8bf000 	C:\Windows\system32\CRYPTBASE.dll
0x000000006c5a0000 - 0x000000006c5e7000 	C:\Program Files\Java\jdk1.8.0_144\jre\bin\fontmanager.dll
0x000007feefed0000 - 0x000007feeffed000 	C:\Windows\system32\opengl32.dll
0x000007fef0c10000 - 0x000007fef0c3d000 	C:\Windows\system32\GLU32.dll
0x000007feefdd0000 - 0x000007feefec1000 	C:\Windows\system32\DDRAW.dll
0x000007fef1450000 - 0x000007fef1458000 	C:\Windows\system32\DCIMAN32.dll
0x000007feffa10000 - 0x000007feffbe7000 	C:\Windows\system32\SETUPAPI.dll
0x000007fefdcb0000 - 0x000007fefdce6000 	C:\Windows\system32\CFGMGR32.dll
0x000007fefdb20000 - 0x000007fefdb3a000 	C:\Windows\system32\DEVOBJ.dll
0x000007fef0d30000 - 0x000007fef0f2f000 	C:\Windows\system32\d3d9.dll
0x000007fef3780000 - 0x000007fef3787000 	C:\Windows\system32\d3d8thk.dll
0x000007feebb30000 - 0x000007feecc7d000 	C:\Windows\system32\nvd3dumx.dll
0x000007fefbc60000 - 0x000007fefbc8c000 	C:\Windows\system32\powrprof.dll
0x000007fefa600000 - 0x000007fefa8c4000 	C:\Windows\system32\nvapi64.dll
0x000000006c730000 - 0x000000006c74a000 	C:\Program Files\Java\jdk1.8.0_144\jre\bin\net.dll
0x000007fefcef0000 - 0x000007fefcf44000 	C:\Windows\system32\mswsock.dll
0x000007fefcee0000 - 0x000007fefcee7000 	C:\Windows\System32\wship6.dll
0x000000006c710000 - 0x000000006c721000 	C:\Program Files\Java\jdk1.8.0_144\jre\bin\nio.dll
0x000000006c550000 - 0x000000006c592000 	C:\Program Files\Java\jdk1.8.0_144\jre\bin\t2k.dll
0x000007feff230000 - 0x000007feff2c9000 	C:\Windows\system32\CLBCatQ.DLL
0x000007fefb6e0000 - 0x000007fefb80a000 	C:\Windows\system32\WindowsCodecs.dll
0x000007fefd850000 - 0x000007fefd8a7000 	C:\Windows\system32\apphelp.dll
0x000000006cc10000 - 0x000000006cdc7000 	C:\Program Files\AVAST Software\Avast\ashShA64.dll
0x000007fefb960000 - 0x000007fefbb75000 	C:\Windows\WinSxS\amd64_microsoft.windows.gdiplus_6595b64144ccf1df_1.1.7600.16385_none_2b4f45e87195fcc4\gdiplus.dll
0x000007fef5cd0000 - 0x000007fef5fe6000 	C:\Windows\system32\msi.dll
0x000007fefd230000 - 0x000007fefd265000 	C:\Windows\system32\EhStorShell.dll
0x000007fefbd40000 - 0x000007fefbe6c000 	C:\Windows\system32\PROPSYS.dll
0x000007fef5650000 - 0x000007fef5cc1000 	C:\PROGRA~1\MICROS~2\Office14\GROOVEEX.DLL
0x0000000073000000 - 0x000000007309d000 	C:\Windows\WinSxS\amd64_microsoft.vc90.crt_1fc8b3b9a1e18e3b_9.0.30729.4926_none_08e1a05ba83fe554\MSVCR90.dll
0x000000006cb30000 - 0x000000006cc03000 	C:\Windows\WinSxS\amd64_microsoft.vc90.crt_1fc8b3b9a1e18e3b_9.0.30729.4926_none_08e1a05ba83fe554\MSVCP90.dll
0x0000000072fd0000 - 0x0000000072fff000 	C:\Windows\WinSxS\amd64_microsoft.vc90.atl_1fc8b3b9a1e18e3b_9.0.30729.4148_none_0a1d2fcba76b3f00\ATL90.DLL
0x000007fef5240000 - 0x000007fef564f000 	C:\PROGRA~1\COMMON~1\MICROS~1\OFFICE14\Cultures\office.odf
0x000007fef49d0000 - 0x000007fef5235000 	C:\PROGRA~1\MICROS~2\Office14\1033\GrooveIntlResource.dll
0x000007fefc2d0000 - 0x000007fefc34e000 	C:\Windows\System32\cscui.dll
0x000007fefc860000 - 0x000007fefc86c000 	C:\Windows\System32\CSCDLL.dll
0x000007fef99c0000 - 0x000007fef99cf000 	C:\Windows\system32\CSCAPI.dll
0x000007fefc250000 - 0x000007fefc2d0000 	C:\Windows\system32\ntshrui.dll
0x000007fefd750000 - 0x000007fefd773000 	C:\Windows\system32\srvcli.dll
0x000007fefc5c0000 - 0x000007fefc5cb000 	C:\Windows\system32\slc.dll
0x000000006c6e0000 - 0x000000006c70a000 	C:\Program Files\Java\jdk1.8.0_144\jre\bin\dcpr.dll

VM Arguments:
jvm_args: -Dfile.encoding=UTF-8 
java_command: vGUI.admindashboard
java_class_path (initial): D:\java pro\vacc_gui\build\classes
Launcher Type: SUN_STANDARD

Environment Variables:
PATH=C:\ProgramData\Oracle\Java\javapath;C:\Program Files (x86)\NVIDIA Corporation\PhysX\Common;C:\Windows\system32;C:\Windows;C:\Windows\System32\Wbem;C:\Windows\System32\WindowsPowerShell\v1.0\;C:\OrCAD\OrCAD_16.6_Lite\OpenAccess\bin\win32\opt;C:\OrCAD\OrCAD_16.6_Lite\tools\pcb\bin;C:\OrCAD\OrCAD_16.6_Lite\tools\fet\bin;C:\OrCAD\OrCAD_16.6_Lite\tools\Capture;C:\OrCAD\OrCAD_16.6_Lite\tools\PSpice;C:\OrCAD\OrCAD_16.6_Lite\tools\specctra\bin;C:\OrCAD\OrCAD_16.6_Lite\tools\bin;C:\Program Files (x86)\Brackets\command;C:\Program Files (x86)\Microsoft SQL Server\100\Tools\Binn\;C:\Program Files\Microsoft SQL Server\100\Tools\Binn\;C:\Program Files\Microsoft SQL Server\100\DTS\Binn\;C:\Program Files (x86)\FreeArc\bin
USERNAME=abudo
OS=Windows_NT
PROCESSOR_IDENTIFIER=Intel64 Family 6 Model 23 Stepping 10, GenuineIntel



---------------  S Y S T E M  ---------------

OS: Windows 7 , 64 bit Build 7600 (6.1.7600.16385)

CPU:total 2 (initial active 2) (2 cores per cpu, 1 threads per core) family 6 model 23 stepping 10, cmov, cx8, fxsr, mmx, sse, sse2, sse3, ssse3, sse4.1, tsc

Memory: 4k page, physical 4123900k(1320524k free), swap 8245896k(5244260k free)

vm_info: Java HotSpot(TM) 64-Bit Server VM (25.144-b01) for windows-amd64 JRE (1.8.0_144-b01), built on Jul 21 2017 21:57:33 by "java_re" with MS VC++ 10.0 (VS2010)

time: Wed Dec 13 07:36:48 2017
elapsed time: 0 seconds (0d 0h 0m 0s)

